# JRE version: OpenJDK Runtime Environment (8.0_152-b01) (build 1.8.0_152-release-1024-b01)
# Java VM: OpenJDK 64-Bit Server VM (25.152-b01 mixed mode linux-amd64 compressed oops)
Heap:
 PSYoungGen      total 90624K, used 9195K [0x00000000e0000000, 0x00000000e6500000, 0x0000000100000000)
  eden space 81408K, 0% used [0x00000000e0000000,0x00000000e0000000,0x00000000e4f80000)
  from space 9216K, 99% used [0x00000000e4f80000,0x00000000e587acf0,0x00000000e5880000)
  to   space 9216K, 0% used [0x00000000e5880000,0x00000000e5880000,0x00000000e6180000)
 ParOldGen       total 51712K, used 19400K [0x00000000a0000000, 0x00000000a3280000, 0x00000000e0000000)
  object space 51712K, 37% used [0x00000000a0000000,0x00000000a12f2260,0x00000000a3280000)
 Metaspace       used 44129K, capacity 45256K, committed 45656K, reserved 1089536K
  class space    used 6046K, capacity 6418K, committed 6528K, reserved 1048576K
GC Heap History (10 events):
Event: 26.075 GC heap after
Heap after GC invocations=10 (full 1):
 PSYoungGen      total 59904K, used 5430K [0x00000000e0000000, 0x00000000e4d80000, 0x0000000100000000)
  eden space 51712K, 0% used [0x00000000e0000000,0x00000000e0000000,0x00000000e3280000)
  from space 8192K, 66% used [0x00000000e3280000,0x00000000e37cda98,0x00000000e3a80000)
  to   space 8192K, 0% used [0x00000000e4580000,0x00000000e4580000,0x00000000e4d80000)
 ParOldGen       total 35840K, used 7843K [0x00000000a0000000, 0x00000000a2300000, 0x00000000e0000000)
  object space 35840K, 21% used [0x00000000a0000000,0x00000000a07a8f18,0x00000000a2300000)
 Metaspace       used 26767K, capacity 27058K, committed 27136K, reserved 1073152K
  class space    used 3711K, capacity 3834K, committed 3840K, reserved 1048576K
}
Event: 78.403 GC heap before
{Heap before GC invocations=11 (full 1):
 PSYoungGen      total 59904K, used 57142K [0x00000000e0000000, 0x00000000e4d80000, 0x0000000100000000)
  eden space 51712K, 100% used [0x00000000e0000000,0x00000000e3280000,0x00000000e3280000)
  from space 8192K, 66% used [0x00000000e3280000,0x00000000e37cda98,0x00000000e3a80000)
  to   space 8192K, 0% used [0x00000000e4580000,0x00000000e4580000,0x00000000e4d80000)
 ParOldGen       total 35840K, used 7843K [0x00000000a0000000, 0x00000000a2300000, 0x00000000e0000000)
  object space 35840K, 21% used [0x00000000a0000000,0x00000000a07a8f18,0x00000000a2300000)
 Metaspace       used 31697K, capacity 32312K, committed 32640K, reserved 1077248K
  class space    used 4387K, capacity 4615K, committed 4736K, reserved 1048576K
Event: 78.470 GC heap after
Heap after GC invocations=11 (full 1):
 PSYoungGen      total 69632K, used 8185K [0x00000000e0000000, 0x00000000e5800000, 0x0000000100000000)
  eden space 61440K, 0% used [0x00000000e0000000,0x00000000e0000000,0x00000000e3c00000)
  from space 8192K, 99% used [0x00000000e4580000,0x00000000e4d7e698,0x00000000e4d80000)
  to   space 9728K, 0% used [0x00000000e3c00000,0x00000000e3c00000,0x00000000e4580000)
 ParOldGen       total 35840K, used 8741K [0x00000000a0000000, 0x00000000a2300000, 0x00000000e0000000)
  object space 35840K, 24% used [0x00000000a0000000,0x00000000a0889580,0x00000000a2300000)
 Metaspace       used 31697K, capacity 32312K, committed 32640K, reserved 1077248K
  class space    used 4387K, capacity 4615K, committed 4736K, reserved 1048576K
}
Event: 88.041 GC heap before
{Heap before GC invocations=12 (full 1):
 PSYoungGen      total 69632K, used 32829K [0x00000000e0000000, 0x00000000e5800000, 0x0000000100000000)
  eden space 61440K, 40% used [0x00000000e0000000,0x00000000e1811068,0x00000000e3c00000)
  from space 8192K, 99% used [0x00000000e4580000,0x00000000e4d7e698,0x00000000e4d80000)
  to   space 9728K, 0% used [0x00000000e3c00000,0x00000000e3c00000,0x00000000e4580000)
 ParOldGen       total 35840K, used 8741K [0x00000000a0000000, 0x00000000a2300000, 0x00000000e0000000)
  object space 35840K, 24% used [0x00000000a0000000,0x00000000a0889580,0x00000000a2300000)
 Metaspace       used 34712K, capacity 35342K, committed 35416K, reserved 1079296K
  class space    used 4762K, capacity 4984K, committed 4992K, reserved 1048576K
Event: 88.059 GC heap after
Heap after GC invocations=12 (full 1):
 PSYoungGen      total 71168K, used 5803K [0x00000000e0000000, 0x00000000e6180000, 0x0000000100000000)
  eden space 61440K, 0% used [0x00000000e0000000,0x00000000e0000000,0x00000000e3c00000)
  from space 9728K, 59% used [0x00000000e3c00000,0x00000000e41aad10,0x00000000e4580000)
  to   space 9216K, 0% used [0x00000000e5880000,0x00000000e5880000,0x00000000e6180000)
 ParOldGen       total 35840K, used 11745K [0x00000000a0000000, 0x00000000a2300000, 0x00000000e0000000)
  object space 35840K, 32% used [0x00000000a0000000,0x00000000a0b78740,0x00000000a2300000)
 Metaspace       used 34712K, capacity 35342K, committed 35416K, reserved 1079296K
  class space    used 4762K, capacity 4984K, committed 4992K, reserved 1048576K
}
Event: 88.059 GC heap before
{Heap before GC invocations=13 (full 2):
 PSYoungGen      total 71168K, used 5803K [0x00000000e0000000, 0x00000000e6180000, 0x0000000100000000)
  eden space 61440K, 0% used [0x00000000e0000000,0x00000000e0000000,0x00000000e3c00000)
  from space 9728K, 59% used [0x00000000e3c00000,0x00000000e41aad10,0x00000000e4580000)
  to   space 9216K, 0% used [0x00000000e5880000,0x00000000e5880000,0x00000000e6180000)
 ParOldGen       total 35840K, used 11745K [0x00000000a0000000, 0x00000000a2300000, 0x00000000e0000000)
  object space 35840K, 32% used [0x00000000a0000000,0x00000000a0b78740,0x00000000a2300000)
 Metaspace       used 34712K, capacity 35342K, committed 35416K, reserved 1079296K
  class space    used 4762K, capacity 4984K, committed 4992K, reserved 1048576K
Event: 88.213 GC heap after
Heap after GC invocations=13 (full 2):
 PSYoungGen      total 71168K, used 0K [0x00000000e0000000, 0x00000000e6180000, 0x0000000100000000)
  eden space 61440K, 0% used [0x00000000e0000000,0x00000000e0000000,0x00000000e3c00000)
  from space 9728K, 0% used [0x00000000e3c00000,0x00000000e3c00000,0x00000000e4580000)
  to   space 9216K, 0% used [0x00000000e5880000,0x00000000e5880000,0x00000000e6180000)
 ParOldGen       total 51712K, used 15105K [0x00000000a0000000, 0x00000000a3280000, 0x00000000e0000000)
  object space 51712K, 29% used [0x00000000a0000000,0x00000000a0ec0658,0x00000000a3280000)
 Metaspace       used 34712K, capacity 35342K, committed 35416K, reserved 1079296K
  class space    used 4762K, capacity 4984K, committed 4992K, reserved 1048576K
}
Event: 91.243 GC heap before
{Heap before GC invocations=14 (full 2):
 PSYoungGen      total 71168K, used 61440K [0x00000000e0000000, 0x00000000e6180000, 0x0000000100000000)
  eden space 61440K, 100% used [0x00000000e0000000,0x00000000e3c00000,0x00000000e3c00000)
  from space 9728K, 0% used [0x00000000e3c00000,0x00000000e3c00000,0x00000000e4580000)
  to   space 9216K, 0% used [0x00000000e5880000,0x00000000e5880000,0x00000000e6180000)
 ParOldGen       total 51712K, used 15105K [0x00000000a0000000, 0x00000000a3280000, 0x00000000e0000000)
  object space 51712K, 29% used [0x00000000a0000000,0x00000000a0ec0658,0x00000000a3280000)
 Metaspace       used 38023K, capacity 38682K, committed 38872K, reserved 1083392K
  class space    used 5134K, capacity 5358K, committed 5376K, reserved 1048576K
Event: 91.279 GC heap after
Heap after GC invocations=14 (full 2):
 PSYoungGen      total 90624K, used 5366K [0x00000000e0000000, 0x00000000e6500000, 0x0000000100000000)
  eden space 81408K, 0% used [0x00000000e0000000,0x00000000e0000000,0x00000000e4f80000)
  from space 9216K, 58% used [0x00000000e5880000,0x00000000e5dbd890,0x00000000e6180000)
  to   space 9216K, 0% used [0x00000000e4f80000,0x00000000e4f80000,0x00000000e5880000)
 ParOldGen       total 51712K, used 15113K [0x00000000a0000000, 0x00000000a3280000, 0x00000000e0000000)
  object space 51712K, 29% used [0x00000000a0000000,0x00000000a0ec2658,0x00000000a3280000)
 Metaspace       used 38023K, capacity 38682K, committed 38872K, reserved 1083392K
  class space    used 5134K, capacity 5358K, committed 5376K, reserved 1048576K
}
Event: 300.475 GC heap before
{Heap before GC invocations=15 (full 2):
 PSYoungGen      total 90624K, used 86774K [0x00000000e0000000, 0x00000000e6500000, 0x0000000100000000)
  eden space 81408K, 100% used [0x00000000e0000000,0x00000000e4f80000,0x00000000e4f80000)
  from space 9216K, 58% used [0x00000000e5880000,0x00000000e5dbd890,0x00000000e6180000)
  to   space 9216K, 0% used [0x00000000e4f80000,0x00000000e4f80000,0x00000000e5880000)
 ParOldGen       total 51712K, used 15113K [0x00000000a0000000, 0x00000000a3280000, 0x00000000e0000000)
  object space 51712K, 29% used [0x00000000a0000000,0x00000000a0ec2658,0x00000000a3280000)
 Metaspace       used 44129K, capacity 45256K, committed 45656K, reserved 1089536K
  class space    used 6046K, capacity 6418K, committed 6528K, reserved 1048576K

